{
  "RSpec": {
    "coverage": {
      "/Users/olgagomelskiy/ruby_school_phase_0/tic-tac-toe-rb/lib/tic_tac_toe.rb": [
        null,
        1,
        null,
        null,
        null,
        null,
        null,
        null,
        null,
        null,
        1,
        5,
        5,
        5,
        5,
        5,
        null,
        null,
        1,
        59,
        null,
        null,
        1,
        26,
        null,
        null,
        1,
        1888,
        null,
        null,
        1,
        58,
        null,
        null,
        1,
        55,
        166,
        56,
        56,
        23,
        null,
        null,
        null,
        null,
        1,
        203,
        203,
        1827,
        868,
        null,
        null,
        203,
        null,
        null,
        1,
        174,
        1337,
        null,
        16,
        null,
        null,
        158,
        null,
        null,
        1,
        178,
        null,
        null,
        1,
        41,
        22,
        19,
        1,
        null,
        18,
        null,
        null,
        1,
        8,
        37,
        5,
        32,
        2,
        null,
        null,
        null,
        null,
        null,
        1,
        68,
        5,
        63,
        41,
        null,
        22,
        null,
        null,
        1,
        24,
        17,
        null,
        7,
        null,
        null,
        null,
        1,
        12,
        79,
        6,
        null,
        73,
        53,
        null,
        null,
        73,
        73,
        null,
        12,
        6,
        null,
        6,
        null,
        null
      ]
    },
    "timestamp": 1632336599
  }
}
